Converting Sweave to Tex

R version 3.5.3 (2019-03-11) -- "Great Truth"
Copyright (C) 2019 The R Foundation for Statistical Computing
Platform: x86_64-pc-linux-gnu (64-bit)

R is free software and comes with ABSOLUTELY NO WARRANTY.
You are welcome to redistribute it under certain conditions.
Type 'license()' or 'licence()' for distribution details.

  Natural language support but running in an English locale

R is a collaborative project with many contributors.
Type 'contributors()' for more information and
'citation()' on how to cite R or R packages in publications.

Type 'demo()' for some demos, 'help()' for on-line help, or
'help.start()' for an HTML browser interface to help.
Type 'q()' to quit R.

> Sweave('./RB_comp_graphics.Rnw')
Writing to file RB_comp_graphics.tex
Processing code chunks with options ...
 1 : keep.source term verbatim (RB_comp_graphics.Rnw:18)

Attaching package: ‘cowplot’

The following object is masked from ‘package:ggplot2’:

    ggsave

 2 : keep.source term tex (label = xtable1, RB_comp_graphics.Rnw:207)
 3 : keep.source term tex (label = xtable2, RB_comp_graphics.Rnw:224)
 4 : keep.source term tex (RB_comp_graphics.Rnw:246)
 5 : keep.source term tex (RB_comp_graphics.Rnw:356)
 6 : keep.source term tex (RB_comp_graphics.Rnw:374)
 7 : keep.source term verbatim pdf  (RB_comp_graphics.Rnw:395)
 8 : keep.source term verbatim pdf  (RB_comp_graphics.Rnw:406)
 9 : keep.source term verbatim pdf  (RB_comp_graphics.Rnw:417)
10 : keep.source term verbatim pdf  (RB_comp_graphics.Rnw:432)
11 : keep.source term verbatim pdf  (RB_comp_graphics.Rnw:443)
12 : keep.source term verbatim pdf  (RB_comp_graphics.Rnw:454)
13 : keep.source term tex (RB_comp_graphics.Rnw:467)
14 : keep.source term tex (RB_comp_graphics.Rnw:474)
15 : keep.source term verbatim pdf  (RB_comp_graphics.Rnw:488)
16 : keep.source term tex (RB_comp_graphics.Rnw:500)
17 : keep.source term verbatim pdf  (RB_comp_graphics.Rnw:516)
18 : keep.source term verbatim pdf  (RB_comp_graphics.Rnw:527)
19 : keep.source term verbatim pdf  (RB_comp_graphics.Rnw:538)
20 : keep.source term tex (RB_comp_graphics.Rnw:551)
21 : keep.source term verbatim pdf  (RB_comp_graphics.Rnw:568)
22 : keep.source term verbatim pdf  (RB_comp_graphics.Rnw:579)
23 : keep.source term tex (label = xtable4, RB_comp_graphics.Rnw:594)
24 : keep.source term tex (label = xtable5, RB_comp_graphics.Rnw:608)

You can now run (pdf)latex on ‘RB_comp_graphics.tex’
> 
> 
Tex conversion successful.
Converting Tex to Pdf
This is pdfTeX, Version 3.14159265-2.6-1.40.18 (TeX Live 2017/Debian) (preloaded format=pdflatex)
 restricted \write18 enabled.
entering extended mode
(./RB_comp_graphics.tex
LaTeX2e <2017-04-15>
Babel <3.18> and hyphenation patterns for 3 language(s) loaded.
(/usr/share/texlive/texmf-dist/tex/latex/base/article.cls
Document Class: article 2014/09/29 v1.4h Standard LaTeX document class
(/usr/share/texlive/texmf-dist/tex/latex/base/size12.clo))
(/usr/share/R/share/texmf/tex/latex/Sweave.sty
(/usr/share/texlive/texmf-dist/tex/latex/base/ifthen.sty)
(/usr/share/texlive/texmf-dist/tex/latex/graphics/graphicx.sty
(/usr/share/texlive/texmf-dist/tex/latex/graphics/keyval.sty)
(/usr/share/texlive/texmf-dist/tex/latex/graphics/graphics.sty
(/usr/share/texlive/texmf-dist/tex/latex/graphics/trig.sty)
(/usr/share/texlive/texmf-dist/tex/latex/graphics-cfg/graphics.cfg)
(/usr/share/texlive/texmf-dist/tex/latex/graphics-def/pdftex.def)))
(/usr/share/texlive/texmf-dist/tex/latex/fancyvrb/fancyvrb.sty
Style option: `fancyvrb' v2.7a, with DG/SPQR fixes, and firstline=lastline fix 
<2008/02/07> (tvz)) (/usr/share/texlive/texmf-dist/tex/latex/base/textcomp.sty
(/usr/share/texlive/texmf-dist/tex/latex/base/ts1enc.def))
(/usr/share/texlive/texmf-dist/tex/latex/base/fontenc.sty
(/usr/share/texlive/texmf-dist/tex/latex/base/t1enc.def))
(/usr/share/texlive/texmf-dist/tex/latex/ae/ae.sty
(/usr/share/texlive/texmf-dist/tex/latex/base/fontenc.sty
(/usr/share/texlive/texmf-dist/tex/latex/base/t1enc.def)
(/usr/share/texlive/texmf-dist/tex/latex/ae/t1aer.fd))))
(/usr/share/texlive/texmf-dist/tex/latex/oberdiek/pdflscape.sty
(/usr/share/texlive/texmf-dist/tex/latex/graphics/lscape.sty)
(/usr/share/texlive/texmf-dist/tex/generic/oberdiek/ifpdf.sty)
(/usr/share/texlive/texmf-dist/tex/generic/ifxetex/ifxetex.sty))
(/usr/share/texlive/texmf-dist/tex/latex/geometry/geometry.sty
(/usr/share/texlive/texmf-dist/tex/generic/oberdiek/ifvtex.sty))
(/usr/share/texlive/texmf-dist/tex/latex/caption/caption.sty
(/usr/share/texlive/texmf-dist/tex/latex/caption/caption3.sty))
(/usr/share/texlive/texmf-dist/tex/latex/xcolor/xcolor.sty
(/usr/share/texlive/texmf-dist/tex/latex/graphics-cfg/color.cfg)
(/usr/share/texlive/texmf-dist/tex/latex/graphics/dvipsnam.def))
(./RB_comp_graphics.aux)
(/usr/share/texlive/texmf-dist/tex/latex/base/ts1cmr.fd)
(/usr/share/texlive/texmf-dist/tex/context/base/mkii/supp-pdf.mkii
[Loading MPS to PDF converter (version 2006.09.02).]
) (/usr/share/texlive/texmf-dist/tex/latex/oberdiek/epstopdf-base.sty
(/usr/share/texlive/texmf-dist/tex/generic/oberdiek/infwarerr.sty)
(/usr/share/texlive/texmf-dist/tex/latex/oberdiek/grfext.sty
(/usr/share/texlive/texmf-dist/tex/generic/oberdiek/kvdefinekeys.sty
(/usr/share/texlive/texmf-dist/tex/generic/oberdiek/ltxcmds.sty)))
(/usr/share/texlive/texmf-dist/tex/latex/oberdiek/kvoptions.sty
(/usr/share/texlive/texmf-dist/tex/generic/oberdiek/kvsetkeys.sty
(/usr/share/texlive/texmf-dist/tex/generic/oberdiek/etexcmds.sty
(/usr/share/texlive/texmf-dist/tex/generic/oberdiek/ifluatex.sty))))
(/usr/share/texlive/texmf-dist/tex/generic/oberdiek/pdftexcmds.sty)
(/usr/share/texlive/texmf-dist/tex/latex/latexconfig/epstopdf-sys.cfg))
*geometry* driver: auto-detecting
*geometry* detected driver: pdftex

LaTeX Warning: No \author given.

(./RB_comp_graphics.toc) [1{/var/lib/texmf/fonts/map/pdftex/updmap/pdftex.map}]

Underfull \hbox (badness 10000) in paragraph at lines 71--73

[2] [3] [4 <./RB_comp_graphics-007.pdf> <./RB_comp_graphics-008.pdf> <./RB_comp
_graphics-009.pdf>] [5 <./RB_comp_graphics-010.pdf> <./RB_comp_graphics-011.pdf
> <./RB_comp_graphics-012.pdf>] [6 <./RB_comp_graphics-015.pdf> <./RB_comp_grap
hics-017.pdf>] [7 <./RB_comp_graphics-018.pdf> <./RB_comp_graphics-019.pdf>]
[8 <./RB_comp_graphics-021.pdf> <./RB_comp_graphics-022.pdf>]
Overfull \hbox (84.19902pt too wide) in paragraph at lines 320--321
 [][] 

Overfull \hbox (178.39728pt too wide) in paragraph at lines 342--343
 [][] 
[9]

! LaTeX Error: \begin{small} on input line 213 ended by \end{document}.

See the LaTeX manual or LaTeX Companion for explanation.
Type  H <return>  for immediate help.
 ...                                              
                                                  
l.345 \end{document}
                    
(./RB_comp_graphics.aux) )
(\end occurred inside a group at level 1)

### semi simple group (level 1) entered at line 213 (\begingroup)
### bottom level
(see the transcript file for additional information)</usr/share/texlive/texmf-d
ist/fonts/type1/public/amsfonts/cm/cmbx10.pfb></usr/share/texlive/texmf-dist/fo
nts/type1/public/amsfonts/cm/cmbx12.pfb></usr/share/texlive/texmf-dist/fonts/ty
pe1/public/amsfonts/cm/cmmi10.pfb></usr/share/texlive/texmf-dist/fonts/type1/pu
blic/amsfonts/cm/cmr10.pfb></usr/share/texlive/texmf-dist/fonts/type1/public/am
sfonts/cm/cmr12.pfb></usr/share/texlive/texmf-dist/fonts/type1/public/amsfonts/
cm/cmr17.pfb></usr/share/texlive/texmf-dist/fonts/type1/public/amsfonts/cm/cmsy
10.pfb>
Output written on RB_comp_graphics.pdf (9 pages, 164338 bytes).
Transcript written on RB_comp_graphics.log.
The tex to pdf conversion had a non-zero exit status. Please check the pdf file  and the log file.
